<?xml version="1.0" encoding="UTF-8"?>
<testsuite xmlns:xsi="http://www.w3.org/2001/XMLSchema-instance" xsi:noNamespaceSchemaLocation="https://maven.apache.org/surefire/maven-surefire-plugin/xsd/surefire-test-report.xsd" name="com.mercadona.shopone.MercadonaShopOneTest" time="0.038" tests="1" errors="0" skipped="0" failures="1">
  <properties>
[...]
</properties>
  <testcase name="foo" classname="com.mercadona.shopone.MercadonaShopOneTest" time="0.031">
    <failure message="expected: &lt;fixme&gt; but was: &lt;foo&gt;" type="org.opentest4j.AssertionFailedError"><![CDATA[org.opentest4j.AssertionFailedError: expected: <fixme> but was: <foo>
	at com.mercadona.shopone.MercadonaShopOneTest.foo(MercadonaShopOneTest.java:14)
]]></failure>
  </testcase>
</testsuite>